<?xml version="1.0" encoding="UTF-8"?>
<testng-results ignored="0" total="1" passed="0" failed="1" skipped="0">
  <reporter-output>
  </reporter-output>
  <suite started-at="2024-03-10T18:57:35 IST" name="Suite" finished-at="2024-03-10T18:57:40 IST" duration-ms="5127">
    <groups>
    </groups>
    <test started-at="2024-03-10T18:57:35 IST" name="Test1" finished-at="2024-03-10T18:57:40 IST" duration-ms="5127">
      <class name="com.testacademy.testcases.Test_Homepage">
        <test-method is-config="true" signature="reportGenerate()[pri:0, instance:com.testacademy.testcases.Test_Homepage@5b03b9fe]" started-at="2024-03-10T18:57:34 IST" name="reportGenerate" finished-at="2024-03-10T18:57:35 IST" duration-ms="197" status="PASS">
          <reporter-output>
          </reporter-output>
        </test-method> <!-- reportGenerate -->
        <test-method is-config="true" signature="openBrowser()[pri:0, instance:com.testacademy.testcases.Test_Homepage@5b03b9fe]" started-at="2024-03-10T18:57:35 IST" name="openBrowser" finished-at="2024-03-10T18:57:38 IST" duration-ms="3160" status="PASS">
          <reporter-output>
          </reporter-output>
        </test-method> <!-- openBrowser -->
        <test-method signature="testCase1()[pri:1, instance:com.testacademy.testcases.Test_Homepage@5b03b9fe]" started-at="2024-03-10T18:57:38 IST" name="testCase1" description="Test_Homepage" finished-at="2024-03-10T18:57:38 IST" duration-ms="126" status="FAIL">
          <exception class="java.lang.AssertionError">
            <message>
              <![CDATA[Hamurger menu is not visible expected [false] but found [true]]]>
            </message>
            <full-stacktrace>
              <![CDATA[java.lang.AssertionError: Hamurger menu is not visible expected [false] but found [true]
at org.testng.Assert.fail(Assert.java:99)
at org.testng.Assert.failNotEquals(Assert.java:1037)
at org.testng.Assert.assertEqualsImpl(Assert.java:140)
at org.testng.Assert.assertEquals(Assert.java:122)
at org.testng.Assert.assertEquals(Assert.java:819)
at com.testacademy.testcases.Test_Homepage.testCase1(Test_Homepage.java:28)
at java.base/jdk.internal.reflect.NativeMethodAccessorImpl.invoke0(Native Method)
at java.base/jdk.internal.reflect.NativeMethodAccessorImpl.invoke(NativeMethodAccessorImpl.java:64)
at java.base/jdk.internal.reflect.DelegatingMethodAccessorImpl.invoke(DelegatingMethodAccessorImpl.java:43)
at java.base/java.lang.reflect.Method.invoke(Method.java:564)
at org.testng.internal.MethodInvocationHelper.invokeMethod(MethodInvocationHelper.java:133)
at org.testng.internal.TestInvoker.invokeMethod(TestInvoker.java:598)
at org.testng.internal.TestInvoker.invokeTestMethod(TestInvoker.java:173)
at org.testng.internal.MethodRunner.runInSequence(MethodRunner.java:46)
at org.testng.internal.TestInvoker$MethodInvocationAgent.invoke(TestInvoker.java:824)
at org.testng.internal.TestInvoker.invokeTestMethods(TestInvoker.java:146)
at org.testng.internal.TestMethodWorker.invokeTestMethods(TestMethodWorker.java:146)
at org.testng.internal.TestMethodWorker.run(TestMethodWorker.java:128)
at java.base/java.util.ArrayList.forEach(ArrayList.java:1511)
at org.testng.TestRunner.privateRun(TestRunner.java:794)
at org.testng.TestRunner.run(TestRunner.java:596)
at org.testng.SuiteRunner.runTest(SuiteRunner.java:377)
at org.testng.SuiteRunner.runSequentially(SuiteRunner.java:371)
at org.testng.SuiteRunner.privateRun(SuiteRunner.java:332)
at org.testng.SuiteRunner.run(SuiteRunner.java:276)
at org.testng.SuiteRunnerWorker.runSuite(SuiteRunnerWorker.java:53)
at org.testng.SuiteRunnerWorker.run(SuiteRunnerWorker.java:96)
at org.testng.TestNG.runSuitesSequentially(TestNG.java:1212)
at org.testng.TestNG.runSuitesLocally(TestNG.java:1134)
at org.testng.TestNG.runSuites(TestNG.java:1063)
at org.testng.TestNG.run(TestNG.java:1031)
at org.testng.remote.AbstractRemoteTestNG.run(AbstractRemoteTestNG.java:115)
at org.testng.remote.RemoteTestNG.initAndRun(RemoteTestNG.java:251)
at org.testng.remote.RemoteTestNG.main(RemoteTestNG.java:77)
]]>
            </full-stacktrace>
          </exception> <!-- java.lang.AssertionError -->
          <reporter-output>
          </reporter-output>
        </test-method> <!-- testCase1 -->
        <test-method is-config="true" signature="closeBrowser()[pri:0, instance:com.testacademy.testcases.Test_Homepage@5b03b9fe]" started-at="2024-03-10T18:57:39 IST" name="closeBrowser" finished-at="2024-03-10T18:57:40 IST" duration-ms="648" status="PASS">
          <reporter-output>
          </reporter-output>
        </test-method> <!-- closeBrowser -->
        <test-method is-config="true" signature="endReport()[pri:0, instance:com.testacademy.testcases.Test_Homepage@5b03b9fe]" started-at="2024-03-10T18:57:40 IST" name="endReport" finished-at="2024-03-10T18:57:40 IST" duration-ms="229" status="PASS">
          <reporter-output>
          </reporter-output>
        </test-method> <!-- endReport -->
      </class> <!-- com.testacademy.testcases.Test_Homepage -->
    </test> <!-- Test1 -->
  </suite> <!-- Suite -->
</testng-results>
